24-05-02.22:07:30.370 [main            ] INFO  RaffleStrategyTest     - Starting RaffleStrategyTest using Java 1.8.0_231 on Trumen with PID 44348 (started by Admin in E:\Project\Job\xfg\big-market\big-market-app)
24-05-02.22:07:30.371 [main            ] INFO  RaffleStrategyTest     - The following 1 profile is active: "dev"
24-05-02.22:07:31.972 [main            ] INFO  RepositoryConfigurationDelegate - Multiple Spring Data modules found, entering strict repository configuration mode
24-05-02.22:07:31.976 [main            ] INFO  RepositoryConfigurationDelegate - Bootstrapping Spring Data Redis repositories in DEFAULT mode.
24-05-02.22:07:32.013 [main            ] INFO  RepositoryConfigurationDelegate - Finished Spring Data repository scanning in 17 ms. Found 0 Redis repository interfaces.
24-05-02.22:07:33.815 [main            ] INFO  Version                - Redisson 3.23.4
24-05-02.22:07:34.541 [redisson-netty-2-4] INFO  MasterPubSubConnectionPool - 1 connections initialized for 47.120.8.26/47.120.8.26:16379
24-05-02.22:07:34.849 [redisson-netty-2-13] INFO  MasterConnectionPool   - 5 connections initialized for 47.120.8.26/47.120.8.26:16379
24-05-02.22:07:37.735 [main            ] INFO  EndpointLinksResolver  - Exposing 1 endpoint(s) beneath base path '/actuator'
24-05-02.22:07:37.851 [main            ] INFO  RaffleStrategyTest     - Started RaffleStrategyTest in 8.009 seconds (JVM running for 10.079)
24-05-02.22:07:38.379 [main            ] INFO  HikariDataSource       - HikariPool-1 - Starting...
24-05-02.22:07:39.591 [main            ] INFO  HikariDataSource       - HikariPool-1 - Start completed.
24-05-02.22:07:40.010 [main            ] INFO  RaffleStrategyTest     - 测试结果：true - 策略装配
24-05-02.22:07:40.010 [scheduling-1    ] INFO  UpdateAwardStockJob    - 定时任务，更新奖品消耗库存【延迟队列获取，降低对数据库的更新频次，不要产生竞争】
24-05-02.22:07:40.159 [main            ] INFO  DefaultLogicChain      - 抽奖责任链-默认处理 userID: qiuming strategyID: 100006 ruleModel: rule_default awardId: 102
24-05-02.22:07:40.160 [main            ] INFO  AbstractRaffleStrategy - 抽奖策略计算-责任链 qiuming 100006 102 rule_default
24-05-02.22:07:40.234 [main            ] INFO  RuleLockLogicTreeNode  - 规则过滤-次数锁 userId:qiuming strategyId:100006 awardId:102
24-05-02.22:07:40.235 [main            ] INFO  DecisionTreeEngine     - 决策树引擎【规则树】treeId:tree_lock node:rule_lock code:0000
24-05-02.22:07:40.237 [main            ] INFO  RuleStockLogicTreeNode - 规则过滤-库存扣减 userId:qiuming strategyId:100006 awardId:102
24-05-02.22:07:40.309 [main            ] INFO  RuleStockLogicTreeNode - 规则过滤-库存扣减-成功 userId: qiuming strategyId: 100006 awardId: 102
24-05-02.22:07:40.397 [main            ] INFO  DecisionTreeEngine     - 决策树引擎【规则树】treeId:tree_lock node:rule_stock code:0001
24-05-02.22:07:40.397 [main            ] INFO  RuleLuckAwardLogicTreeNode - 规则过滤-兜底奖品 userId:qiuming strategyId:100006 awardId:102 ruleValue:101:1,100
24-05-02.22:07:40.397 [main            ] INFO  DecisionTreeEngine     - 决策树引擎【规则树】treeId:tree_lock node:rule_luck_award code:0001
24-05-02.22:07:40.397 [main            ] INFO  AbstractRaffleStrategy - 抽奖策略计算-规则树 qiuming 100006 101 1,100
24-05-02.22:07:40.752 [main            ] INFO  RaffleStrategyTest     - 请求参数：{"strategyId":100006,"userId":"qiuming"}
24-05-02.22:07:40.754 [main            ] INFO  RaffleStrategyTest     - 测试结果：{"awardConfig":"1,100","awardId":101,"sort":1}
24-05-02.22:07:40.889 [main            ] INFO  DefaultLogicChain      - 抽奖责任链-默认处理 userID: qiuming strategyID: 100006 ruleModel: rule_default awardId: 102
24-05-02.22:07:40.889 [main            ] INFO  AbstractRaffleStrategy - 抽奖策略计算-责任链 qiuming 100006 102 rule_default
24-05-02.22:07:40.963 [main            ] INFO  RuleLockLogicTreeNode  - 规则过滤-次数锁 userId:qiuming strategyId:100006 awardId:102
24-05-02.22:07:40.964 [main            ] INFO  DecisionTreeEngine     - 决策树引擎【规则树】treeId:tree_lock node:rule_lock code:0000
24-05-02.22:07:40.964 [main            ] INFO  RuleStockLogicTreeNode - 规则过滤-库存扣减 userId:qiuming strategyId:100006 awardId:102
24-05-02.22:07:41.029 [main            ] INFO  RuleStockLogicTreeNode - 规则过滤-库存扣减-成功 userId: qiuming strategyId: 100006 awardId: 102
24-05-02.22:07:41.068 [main            ] INFO  DecisionTreeEngine     - 决策树引擎【规则树】treeId:tree_lock node:rule_stock code:0001
24-05-02.22:07:41.068 [main            ] INFO  RuleLuckAwardLogicTreeNode - 规则过滤-兜底奖品 userId:qiuming strategyId:100006 awardId:102 ruleValue:101:1,100
24-05-02.22:07:41.069 [main            ] INFO  DecisionTreeEngine     - 决策树引擎【规则树】treeId:tree_lock node:rule_luck_award code:0001
24-05-02.22:07:41.069 [main            ] INFO  AbstractRaffleStrategy - 抽奖策略计算-规则树 qiuming 100006 101 1,100
24-05-02.22:07:41.102 [main            ] INFO  RaffleStrategyTest     - 请求参数：{"strategyId":100006,"userId":"qiuming"}
24-05-02.22:07:41.102 [main            ] INFO  RaffleStrategyTest     - 测试结果：{"awardConfig":"1,100","awardId":101,"sort":1}
24-05-02.22:07:41.251 [main            ] INFO  DefaultLogicChain      - 抽奖责任链-默认处理 userID: qiuming strategyID: 100006 ruleModel: rule_default awardId: 102
24-05-02.22:07:41.252 [main            ] INFO  AbstractRaffleStrategy - 抽奖策略计算-责任链 qiuming 100006 102 rule_default
24-05-02.22:07:41.318 [main            ] INFO  RuleLockLogicTreeNode  - 规则过滤-次数锁 userId:qiuming strategyId:100006 awardId:102
24-05-02.22:07:41.318 [main            ] INFO  DecisionTreeEngine     - 决策树引擎【规则树】treeId:tree_lock node:rule_lock code:0000
24-05-02.22:07:41.318 [main            ] INFO  RuleStockLogicTreeNode - 规则过滤-库存扣减 userId:qiuming strategyId:100006 awardId:102
24-05-02.22:07:41.391 [main            ] INFO  RuleStockLogicTreeNode - 规则过滤-库存扣减-成功 userId: qiuming strategyId: 100006 awardId: 102
24-05-02.22:07:41.428 [main            ] INFO  DecisionTreeEngine     - 决策树引擎【规则树】treeId:tree_lock node:rule_stock code:0001
24-05-02.22:07:41.428 [main            ] INFO  RuleLuckAwardLogicTreeNode - 规则过滤-兜底奖品 userId:qiuming strategyId:100006 awardId:102 ruleValue:101:1,100
24-05-02.22:07:41.428 [main            ] INFO  DecisionTreeEngine     - 决策树引擎【规则树】treeId:tree_lock node:rule_luck_award code:0001
24-05-02.22:07:41.428 [main            ] INFO  AbstractRaffleStrategy - 抽奖策略计算-规则树 qiuming 100006 101 1,100
24-05-02.22:07:41.466 [main            ] INFO  RaffleStrategyTest     - 请求参数：{"strategyId":100006,"userId":"qiuming"}
24-05-02.22:07:41.466 [main            ] INFO  RaffleStrategyTest     - 测试结果：{"awardConfig":"1,100","awardId":101,"sort":1}
24-05-02.22:07:45.001 [scheduling-1    ] INFO  UpdateAwardStockJob    - 定时任务，更新奖品消耗库存【延迟队列获取，降低对数据库的更新频次，不要产生竞争】
24-05-02.22:07:45.033 [scheduling-1    ] INFO  UpdateAwardStockJob    - 定时任务，更新奖品消耗库存 strategyId:100006 awardId:102
24-05-02.22:07:47.735 [SpringApplicationShutdownHook] INFO  HikariDataSource       - HikariPool-1 - Shutdown initiated...
24-05-02.22:07:47.747 [SpringApplicationShutdownHook] INFO  HikariDataSource       - HikariPool-1 - Shutdown completed.
