24-05-22.18:57:19.930 [main            ] ERROR AwardRepository        - 写入中奖记录，发送MQ消息失败 userId: qiuming topic: send_award
24-05-22.18:57:20.037 [pool-3-thread-3 ] ERROR SendMessageTaskJob     - 定时任务，发送MQ消息失败 userId: qiuming topic: send_award
24-05-22.19:56:20.735 [pool-3-thread-3 ] ERROR SendMessageTaskJob     - 定时任务，发送MQ消息失败 userId: qiuming topic: send_award
24-05-22.19:56:20.735 [pool-3-thread-5 ] ERROR SendMessageTaskJob     - 定时任务，发送MQ消息失败 userId: qiuming topic: send_award
24-05-22.19:56:20.735 [pool-3-thread-4 ] ERROR SendMessageTaskJob     - 定时任务，发送MQ消息失败 userId: qiuming topic: send_award
24-05-22.19:56:20.735 [pool-3-thread-6 ] ERROR SendMessageTaskJob     - 定时任务，发送MQ消息失败 userId: qiuming topic: send_award
24-05-22.19:56:20.735 [pool-3-thread-10] ERROR SendMessageTaskJob     - 定时任务，发送MQ消息失败 userId: qiuming topic: send_award
24-05-22.19:56:20.735 [pool-3-thread-7 ] ERROR SendMessageTaskJob     - 定时任务，发送MQ消息失败 userId: qiuming topic: send_award
24-05-22.19:56:20.735 [pool-3-thread-9 ] ERROR SendMessageTaskJob     - 定时任务，发送MQ消息失败 userId: qiuming topic: send_award
24-05-22.19:56:20.735 [pool-3-thread-8 ] ERROR SendMessageTaskJob     - 定时任务，发送MQ消息失败 userId: qiuming topic: send_award
24-05-22.19:56:20.736 [pool-3-thread-11] ERROR SendMessageTaskJob     - 定时任务，发送MQ消息失败 userId: qiuming topic: send_award
24-05-22.19:56:25.060 [pool-3-thread-15] ERROR SendMessageTaskJob     - 定时任务，发送MQ消息失败 userId: qiuming topic: send_award
24-05-22.19:56:25.061 [pool-3-thread-12] ERROR SendMessageTaskJob     - 定时任务，发送MQ消息失败 userId: qiuming topic: send_award
24-05-22.19:56:25.068 [pool-3-thread-19] ERROR SendMessageTaskJob     - 定时任务，发送MQ消息失败 userId: qiuming topic: send_award
24-05-22.19:56:25.073 [pool-3-thread-14] ERROR SendMessageTaskJob     - 定时任务，发送MQ消息失败 userId: qiuming topic: send_award
24-05-22.19:56:25.073 [pool-3-thread-17] ERROR SendMessageTaskJob     - 定时任务，发送MQ消息失败 userId: qiuming topic: send_award
24-05-22.19:56:25.074 [pool-3-thread-20] ERROR SendMessageTaskJob     - 定时任务，发送MQ消息失败 userId: qiuming topic: send_award
24-05-22.19:56:25.076 [pool-3-thread-18] ERROR SendMessageTaskJob     - 定时任务，发送MQ消息失败 userId: qiuming topic: send_award
24-05-22.19:56:25.082 [pool-3-thread-16] ERROR SendMessageTaskJob     - 定时任务，发送MQ消息失败 userId: qiuming topic: send_award
24-05-22.19:56:25.098 [pool-3-thread-2 ] ERROR SendMessageTaskJob     - 定时任务，发送MQ消息失败 userId: qiuming topic: send_award
24-05-22.19:56:30.055 [pool-3-thread-9 ] ERROR SendMessageTaskJob     - 定时任务，发送MQ消息失败 userId: qiuming topic: send_award
24-05-22.19:56:30.061 [pool-3-thread-4 ] ERROR SendMessageTaskJob     - 定时任务，发送MQ消息失败 userId: qiuming topic: send_award
24-05-22.19:56:30.062 [pool-3-thread-5 ] ERROR SendMessageTaskJob     - 定时任务，发送MQ消息失败 userId: qiuming topic: send_award
24-05-22.19:56:30.064 [pool-3-thread-1 ] ERROR SendMessageTaskJob     - 定时任务，发送MQ消息失败 userId: qiuming topic: send_award
24-05-22.19:56:30.069 [pool-3-thread-6 ] ERROR SendMessageTaskJob     - 定时任务，发送MQ消息失败 userId: qiuming topic: send_award
24-05-22.19:56:30.071 [pool-3-thread-3 ] ERROR SendMessageTaskJob     - 定时任务，发送MQ消息失败 userId: qiuming topic: send_award
24-05-22.19:56:30.072 [pool-3-thread-8 ] ERROR SendMessageTaskJob     - 定时任务，发送MQ消息失败 userId: qiuming topic: send_award
24-05-22.19:56:30.075 [pool-3-thread-7 ] ERROR SendMessageTaskJob     - 定时任务，发送MQ消息失败 userId: qiuming topic: send_award
24-05-22.19:56:30.081 [pool-3-thread-11] ERROR SendMessageTaskJob     - 定时任务，发送MQ消息失败 userId: qiuming topic: send_award
24-05-22.19:56:35.046 [pool-3-thread-19] ERROR SendMessageTaskJob     - 定时任务，发送MQ消息失败 userId: qiuming topic: send_award
24-05-22.19:56:35.050 [pool-3-thread-13] ERROR SendMessageTaskJob     - 定时任务，发送MQ消息失败 userId: qiuming topic: send_award
24-05-22.19:56:35.054 [pool-3-thread-15] ERROR SendMessageTaskJob     - 定时任务，发送MQ消息失败 userId: qiuming topic: send_award
24-05-22.19:56:35.054 [pool-3-thread-20] ERROR SendMessageTaskJob     - 定时任务，发送MQ消息失败 userId: qiuming topic: send_award
24-05-22.19:56:35.059 [pool-3-thread-14] ERROR SendMessageTaskJob     - 定时任务，发送MQ消息失败 userId: qiuming topic: send_award
24-05-22.19:56:35.059 [pool-3-thread-12] ERROR SendMessageTaskJob     - 定时任务，发送MQ消息失败 userId: qiuming topic: send_award
24-05-22.19:56:35.062 [pool-3-thread-18] ERROR SendMessageTaskJob     - 定时任务，发送MQ消息失败 userId: qiuming topic: send_award
24-05-22.19:56:35.063 [pool-3-thread-16] ERROR SendMessageTaskJob     - 定时任务，发送MQ消息失败 userId: qiuming topic: send_award
24-05-22.19:56:35.064 [pool-3-thread-2 ] ERROR SendMessageTaskJob     - 定时任务，发送MQ消息失败 userId: qiuming topic: send_award
24-05-22.19:56:40.072 [pool-3-thread-1 ] ERROR SendMessageTaskJob     - 定时任务，发送MQ消息失败 userId: qiuming topic: send_award
24-05-22.19:56:40.080 [pool-3-thread-4 ] ERROR SendMessageTaskJob     - 定时任务，发送MQ消息失败 userId: qiuming topic: send_award
24-05-22.19:56:40.081 [pool-3-thread-10] ERROR SendMessageTaskJob     - 定时任务，发送MQ消息失败 userId: qiuming topic: send_award
24-05-22.19:56:40.082 [pool-3-thread-5 ] ERROR SendMessageTaskJob     - 定时任务，发送MQ消息失败 userId: qiuming topic: send_award
24-05-22.19:56:40.084 [pool-3-thread-6 ] ERROR SendMessageTaskJob     - 定时任务，发送MQ消息失败 userId: qiuming topic: send_award
24-05-22.19:56:40.085 [pool-3-thread-3 ] ERROR SendMessageTaskJob     - 定时任务，发送MQ消息失败 userId: qiuming topic: send_award
24-05-22.19:56:40.086 [pool-3-thread-8 ] ERROR SendMessageTaskJob     - 定时任务，发送MQ消息失败 userId: qiuming topic: send_award
24-05-22.19:56:40.089 [pool-3-thread-11] ERROR SendMessageTaskJob     - 定时任务，发送MQ消息失败 userId: qiuming topic: send_award
24-05-22.19:56:40.089 [pool-3-thread-7 ] ERROR SendMessageTaskJob     - 定时任务，发送MQ消息失败 userId: qiuming topic: send_award
24-05-22.19:56:45.064 [pool-3-thread-19] ERROR SendMessageTaskJob     - 定时任务，发送MQ消息失败 userId: qiuming topic: send_award
24-05-22.19:56:45.078 [pool-3-thread-12] ERROR SendMessageTaskJob     - 定时任务，发送MQ消息失败 userId: qiuming topic: send_award
24-05-22.19:56:45.080 [pool-3-thread-14] ERROR SendMessageTaskJob     - 定时任务，发送MQ消息失败 userId: qiuming topic: send_award
24-05-22.19:56:45.081 [pool-3-thread-18] ERROR SendMessageTaskJob     - 定时任务，发送MQ消息失败 userId: qiuming topic: send_award
24-05-22.19:56:45.081 [pool-3-thread-17] ERROR SendMessageTaskJob     - 定时任务，发送MQ消息失败 userId: qiuming topic: send_award
24-05-22.19:56:45.082 [pool-3-thread-15] ERROR SendMessageTaskJob     - 定时任务，发送MQ消息失败 userId: qiuming topic: send_award
24-05-22.19:56:45.082 [pool-3-thread-20] ERROR SendMessageTaskJob     - 定时任务，发送MQ消息失败 userId: qiuming topic: send_award
24-05-22.19:56:45.085 [pool-3-thread-16] ERROR SendMessageTaskJob     - 定时任务，发送MQ消息失败 userId: qiuming topic: send_award
24-05-22.19:56:45.085 [pool-3-thread-2 ] ERROR SendMessageTaskJob     - 定时任务，发送MQ消息失败 userId: qiuming topic: send_award
24-05-22.19:56:50.060 [pool-3-thread-1 ] ERROR SendMessageTaskJob     - 定时任务，发送MQ消息失败 userId: qiuming topic: send_award
24-05-22.19:56:50.068 [pool-3-thread-9 ] ERROR SendMessageTaskJob     - 定时任务，发送MQ消息失败 userId: qiuming topic: send_award
24-05-22.19:56:50.068 [pool-3-thread-5 ] ERROR SendMessageTaskJob     - 定时任务，发送MQ消息失败 userId: qiuming topic: send_award
24-05-22.19:56:50.068 [pool-3-thread-10] ERROR SendMessageTaskJob     - 定时任务，发送MQ消息失败 userId: qiuming topic: send_award
24-05-22.19:56:50.072 [pool-3-thread-6 ] ERROR SendMessageTaskJob     - 定时任务，发送MQ消息失败 userId: qiuming topic: send_award
24-05-22.19:56:50.075 [pool-3-thread-8 ] ERROR SendMessageTaskJob     - 定时任务，发送MQ消息失败 userId: qiuming topic: send_award
24-05-22.19:56:50.075 [pool-3-thread-3 ] ERROR SendMessageTaskJob     - 定时任务，发送MQ消息失败 userId: qiuming topic: send_award
24-05-22.19:56:50.078 [pool-3-thread-11] ERROR SendMessageTaskJob     - 定时任务，发送MQ消息失败 userId: qiuming topic: send_award
24-05-22.19:56:50.081 [pool-3-thread-7 ] ERROR SendMessageTaskJob     - 定时任务，发送MQ消息失败 userId: qiuming topic: send_award
24-05-22.19:56:55.062 [pool-3-thread-19] ERROR SendMessageTaskJob     - 定时任务，发送MQ消息失败 userId: qiuming topic: send_award
24-05-22.19:56:55.070 [pool-3-thread-13] ERROR SendMessageTaskJob     - 定时任务，发送MQ消息失败 userId: qiuming topic: send_award
24-05-22.19:56:55.071 [pool-3-thread-15] ERROR SendMessageTaskJob     - 定时任务，发送MQ消息失败 userId: qiuming topic: send_award
24-05-22.19:56:55.078 [pool-3-thread-20] ERROR SendMessageTaskJob     - 定时任务，发送MQ消息失败 userId: qiuming topic: send_award
24-05-22.19:56:55.083 [pool-3-thread-12] ERROR SendMessageTaskJob     - 定时任务，发送MQ消息失败 userId: qiuming topic: send_award
24-05-22.19:56:55.083 [pool-3-thread-14] ERROR SendMessageTaskJob     - 定时任务，发送MQ消息失败 userId: qiuming topic: send_award
24-05-22.19:56:55.085 [pool-3-thread-18] ERROR SendMessageTaskJob     - 定时任务，发送MQ消息失败 userId: qiuming topic: send_award
24-05-22.19:56:55.089 [pool-3-thread-16] ERROR SendMessageTaskJob     - 定时任务，发送MQ消息失败 userId: qiuming topic: send_award
24-05-22.19:56:55.094 [pool-3-thread-2 ] ERROR SendMessageTaskJob     - 定时任务，发送MQ消息失败 userId: qiuming topic: send_award
24-05-22.19:57:00.048 [pool-3-thread-10] ERROR SendMessageTaskJob     - 定时任务，发送MQ消息失败 userId: qiuming topic: send_award
24-05-22.19:57:00.049 [pool-3-thread-1 ] ERROR SendMessageTaskJob     - 定时任务，发送MQ消息失败 userId: qiuming topic: send_award
24-05-22.19:57:00.053 [pool-3-thread-4 ] ERROR SendMessageTaskJob     - 定时任务，发送MQ消息失败 userId: qiuming topic: send_award
24-05-22.19:57:00.054 [pool-3-thread-5 ] ERROR SendMessageTaskJob     - 定时任务，发送MQ消息失败 userId: qiuming topic: send_award
24-05-22.19:57:00.061 [pool-3-thread-6 ] ERROR SendMessageTaskJob     - 定时任务，发送MQ消息失败 userId: qiuming topic: send_award
24-05-22.19:57:00.063 [pool-3-thread-3 ] ERROR SendMessageTaskJob     - 定时任务，发送MQ消息失败 userId: qiuming topic: send_award
24-05-22.19:57:00.065 [pool-3-thread-11] ERROR SendMessageTaskJob     - 定时任务，发送MQ消息失败 userId: qiuming topic: send_award
24-05-22.19:57:00.065 [pool-3-thread-8 ] ERROR SendMessageTaskJob     - 定时任务，发送MQ消息失败 userId: qiuming topic: send_award
24-05-22.19:57:00.069 [pool-3-thread-7 ] ERROR SendMessageTaskJob     - 定时任务，发送MQ消息失败 userId: qiuming topic: send_award
24-05-22.19:57:00.344 [http-nio-8091-exec-1] ERROR AwardRepository        - 写入中奖记录，发送MQ消息失败 userId: qiuming topic: send_award
24-05-22.19:57:05.066 [pool-3-thread-19] ERROR SendMessageTaskJob     - 定时任务，发送MQ消息失败 userId: qiuming topic: send_award
24-05-22.19:57:05.067 [pool-3-thread-13] ERROR SendMessageTaskJob     - 定时任务，发送MQ消息失败 userId: qiuming topic: send_award
24-05-22.19:57:05.072 [pool-3-thread-20] ERROR SendMessageTaskJob     - 定时任务，发送MQ消息失败 userId: qiuming topic: send_award
24-05-22.19:57:05.072 [pool-3-thread-17] ERROR SendMessageTaskJob     - 定时任务，发送MQ消息失败 userId: qiuming topic: send_award
24-05-22.19:57:05.075 [pool-3-thread-18] ERROR SendMessageTaskJob     - 定时任务，发送MQ消息失败 userId: qiuming topic: send_award
24-05-22.19:57:05.076 [pool-3-thread-12] ERROR SendMessageTaskJob     - 定时任务，发送MQ消息失败 userId: qiuming topic: send_award
24-05-22.19:57:05.078 [pool-3-thread-14] ERROR SendMessageTaskJob     - 定时任务，发送MQ消息失败 userId: qiuming topic: send_award
24-05-22.19:57:05.082 [pool-3-thread-2 ] ERROR SendMessageTaskJob     - 定时任务，发送MQ消息失败 userId: qiuming topic: send_award
24-05-22.19:57:05.084 [pool-3-thread-16] ERROR SendMessageTaskJob     - 定时任务，发送MQ消息失败 userId: qiuming topic: send_award
24-05-22.19:57:05.090 [pool-3-thread-9 ] ERROR SendMessageTaskJob     - 定时任务，发送MQ消息失败 userId: qiuming topic: send_award
24-05-22.22:11:40.895 [pool-3-thread-8 ] ERROR SendMessageTaskJob     - 定时任务，发送MQ消息失败 userId: qiuming topic: send_award
24-05-22.22:11:40.895 [pool-3-thread-12] ERROR SendMessageTaskJob     - 定时任务，发送MQ消息失败 userId: qiuming topic: send_award
24-05-22.22:11:40.895 [pool-3-thread-10] ERROR SendMessageTaskJob     - 定时任务，发送MQ消息失败 userId: qiuming topic: send_award
24-05-22.22:11:40.895 [pool-3-thread-4 ] ERROR SendMessageTaskJob     - 定时任务，发送MQ消息失败 userId: qiuming topic: send_award
24-05-22.22:11:40.895 [pool-3-thread-9 ] ERROR SendMessageTaskJob     - 定时任务，发送MQ消息失败 userId: qiuming topic: send_award
24-05-22.22:11:40.895 [pool-3-thread-5 ] ERROR SendMessageTaskJob     - 定时任务，发送MQ消息失败 userId: qiuming topic: send_award
24-05-22.22:11:40.895 [pool-3-thread-3 ] ERROR SendMessageTaskJob     - 定时任务，发送MQ消息失败 userId: qiuming topic: send_award
24-05-22.22:11:40.895 [pool-3-thread-11] ERROR SendMessageTaskJob     - 定时任务，发送MQ消息失败 userId: qiuming topic: send_award
24-05-22.22:11:40.895 [pool-3-thread-7 ] ERROR SendMessageTaskJob     - 定时任务，发送MQ消息失败 userId: qiuming topic: send_award
24-05-22.22:11:40.903 [pool-3-thread-6 ] ERROR SendMessageTaskJob     - 定时任务，发送MQ消息失败 userId: qiuming topic: send_award
24-05-22.22:19:51.033 [main            ] WARN  AnnotationConfigServletWebServerApplicationContext - Exception encountered during context initialization - cancelling refresh attempt: org.springframework.beans.factory.BeanCreationException: Error creating bean with name 'raffleActivityController': Injection of resource dependencies failed; nested exception is org.springframework.beans.factory.BeanCreationException: Error creating bean with name 'strategyArmoryDispatch': Injection of resource dependencies failed; nested exception is org.springframework.beans.factory.BeanCreationException: Error creating bean with name 'strategyRepository': Injection of resource dependencies failed; nested exception is org.springframework.beans.factory.UnsatisfiedDependencyException: Error creating bean with name 'IStrategyDao' defined in URL [jar:file:/mnt/e/Project/Job/xfg/big-market/big-market-app/target/big-market-app.jar!/BOOT-INF/lib/big-market-infrastructure-1.0-SNAPSHOT.jar!/cn/bugstack/infrastructure/persistent/dao/IStrategyDao.class]: Unsatisfied dependency expressed through bean property 'sqlSessionFactory'; nested exception is org.springframework.beans.factory.BeanCreationException: Error creating bean with name 'sqlSessionFactory' defined in class path resource [org/mybatis/spring/boot/autoconfigure/MybatisAutoConfiguration.class]: Bean instantiation via factory method failed; nested exception is org.springframework.beans.BeanInstantiationException: Failed to instantiate [org.apache.ibatis.session.SqlSessionFactory]: Factory method 'sqlSessionFactory' threw exception; nested exception is org.springframework.core.NestedIOException: Failed to parse mapping resource: 'class path resource [mybatis/mapper/rule_tree_node_line_mapper.xml]'; nested exception is org.apache.ibatis.builder.BuilderException: Error parsing Mapper XML. The XML location is 'class path resource [mybatis/mapper/rule_tree_node_line_mapper.xml]'. Cause: java.lang.IllegalArgumentException: Result Maps collection already contains value for cn.bugstack.infrastructure.persistent.dao.IRuleTreeNodeLineDao.dataMap
24-05-22.22:19:51.129 [main            ] ERROR SpringApplication      - Application run failed
org.springframework.beans.factory.BeanCreationException: Error creating bean with name 'raffleActivityController': Injection of resource dependencies failed; nested exception is org.springframework.beans.factory.BeanCreationException: Error creating bean with name 'strategyArmoryDispatch': Injection of resource dependencies failed; nested exception is org.springframework.beans.factory.BeanCreationException: Error creating bean with name 'strategyRepository': Injection of resource dependencies failed; nested exception is org.springframework.beans.factory.UnsatisfiedDependencyException: Error creating bean with name 'IStrategyDao' defined in URL [jar:file:/mnt/e/Project/Job/xfg/big-market/big-market-app/target/big-market-app.jar!/BOOT-INF/lib/big-market-infrastructure-1.0-SNAPSHOT.jar!/cn/bugstack/infrastructure/persistent/dao/IStrategyDao.class]: Unsatisfied dependency expressed through bean property 'sqlSessionFactory'; nested exception is org.springframework.beans.factory.BeanCreationException: Error creating bean with name 'sqlSessionFactory' defined in class path resource [org/mybatis/spring/boot/autoconfigure/MybatisAutoConfiguration.class]: Bean instantiation via factory method failed; nested exception is org.springframework.beans.BeanInstantiationException: Failed to instantiate [org.apache.ibatis.session.SqlSessionFactory]: Factory method 'sqlSessionFactory' threw exception; nested exception is org.springframework.core.NestedIOException: Failed to parse mapping resource: 'class path resource [mybatis/mapper/rule_tree_node_line_mapper.xml]'; nested exception is org.apache.ibatis.builder.BuilderException: Error parsing Mapper XML. The XML location is 'class path resource [mybatis/mapper/rule_tree_node_line_mapper.xml]'. Cause: java.lang.IllegalArgumentException: Result Maps collection already contains value for cn.bugstack.infrastructure.persistent.dao.IRuleTreeNodeLineDao.dataMap
	at org.springframework.context.annotation.CommonAnnotationBeanPostProcessor.postProcessProperties(CommonAnnotationBeanPostProcessor.java:332)
	at org.springframework.beans.factory.support.AbstractAutowireCapableBeanFactory.populateBean(AbstractAutowireCapableBeanFactory.java:1431)
	at org.springframework.beans.factory.support.AbstractAutowireCapableBeanFactory.doCreateBean(AbstractAutowireCapableBeanFactory.java:619)
	at org.springframework.beans.factory.support.AbstractAutowireCapableBeanFactory.createBean(AbstractAutowireCapableBeanFactory.java:542)
	at org.springframework.beans.factory.support.AbstractBeanFactory.lambda$doGetBean$0(AbstractBeanFactory.java:335)
	at org.springframework.beans.factory.support.DefaultSingletonBeanRegistry.getSingleton(DefaultSingletonBeanRegistry.java:234)
	at org.springframework.beans.factory.support.AbstractBeanFactory.doGetBean(AbstractBeanFactory.java:333)
	at org.springframework.beans.factory.support.AbstractBeanFactory.getBean(AbstractBeanFactory.java:208)
	at org.springframework.beans.factory.support.DefaultListableBeanFactory.preInstantiateSingletons(DefaultListableBeanFactory.java:955)
	at org.springframework.context.support.AbstractApplicationContext.finishBeanFactoryInitialization(AbstractApplicationContext.java:920)
	at org.springframework.context.support.AbstractApplicationContext.refresh(AbstractApplicationContext.java:583)
	at org.springframework.boot.web.servlet.context.ServletWebServerApplicationContext.refresh(ServletWebServerApplicationContext.java:147)
	at org.springframework.boot.SpringApplication.refresh(SpringApplication.java:731)
	at org.springframework.boot.SpringApplication.refreshContext(SpringApplication.java:408)
	at org.springframework.boot.SpringApplication.run(SpringApplication.java:307)
	at org.springframework.boot.SpringApplication.run(SpringApplication.java:1303)
	at org.springframework.boot.SpringApplication.run(SpringApplication.java:1292)
	at cn.bugstack.Application.main(Application.java:14)
	at sun.reflect.NativeMethodAccessorImpl.invoke0(Native Method)
	at sun.reflect.NativeMethodAccessorImpl.invoke(NativeMethodAccessorImpl.java:62)
	at sun.reflect.DelegatingMethodAccessorImpl.invoke(DelegatingMethodAccessorImpl.java:43)
	at java.lang.reflect.Method.invoke(Method.java:498)
	at org.springframework.boot.loader.MainMethodRunner.run(MainMethodRunner.java:49)
	at org.springframework.boot.loader.Launcher.launch(Launcher.java:108)
	at org.springframework.boot.loader.Launcher.launch(Launcher.java:58)
	at org.springframework.boot.loader.JarLauncher.main(JarLauncher.java:65)
Caused by: org.springframework.beans.factory.BeanCreationException: Error creating bean with name 'strategyArmoryDispatch': Injection of resource dependencies failed; nested exception is org.springframework.beans.factory.BeanCreationException: Error creating bean with name 'strategyRepository': Injection of resource dependencies failed; nested exception is org.springframework.beans.factory.UnsatisfiedDependencyException: Error creating bean with name 'IStrategyDao' defined in URL [jar:file:/mnt/e/Project/Job/xfg/big-market/big-market-app/target/big-market-app.jar!/BOOT-INF/lib/big-market-infrastructure-1.0-SNAPSHOT.jar!/cn/bugstack/infrastructure/persistent/dao/IStrategyDao.class]: Unsatisfied dependency expressed through bean property 'sqlSessionFactory'; nested exception is org.springframework.beans.factory.BeanCreationException: Error creating bean with name 'sqlSessionFactory' defined in class path resource [org/mybatis/spring/boot/autoconfigure/MybatisAutoConfiguration.class]: Bean instantiation via factory method failed; nested exception is org.springframework.beans.BeanInstantiationException: Failed to instantiate [org.apache.ibatis.session.SqlSessionFactory]: Factory method 'sqlSessionFactory' threw exception; nested exception is org.springframework.core.NestedIOException: Failed to parse mapping resource: 'class path resource [mybatis/mapper/rule_tree_node_line_mapper.xml]'; nested exception is org.apache.ibatis.builder.BuilderException: Error parsing Mapper XML. The XML location is 'class path resource [mybatis/mapper/rule_tree_node_line_mapper.xml]'. Cause: java.lang.IllegalArgumentException: Result Maps collection already contains value for cn.bugstack.infrastructure.persistent.dao.IRuleTreeNodeLineDao.dataMap
	at org.springframework.context.annotation.CommonAnnotationBeanPostProcessor.postProcessProperties(CommonAnnotationBeanPostProcessor.java:332)
	at org.springframework.beans.factory.support.AbstractAutowireCapableBeanFactory.populateBean(AbstractAutowireCapableBeanFactory.java:1431)
	at org.springframework.beans.factory.support.AbstractAutowireCapableBeanFactory.doCreateBean(AbstractAutowireCapableBeanFactory.java:619)
	at org.springframework.beans.factory.support.AbstractAutowireCapableBeanFactory.createBean(AbstractAutowireCapableBeanFactory.java:542)
	at org.springframework.beans.factory.support.AbstractBeanFactory.lambda$doGetBean$0(AbstractBeanFactory.java:335)
	at org.springframework.beans.factory.support.DefaultSingletonBeanRegistry.getSingleton(DefaultSingletonBeanRegistry.java:234)
	at org.springframework.beans.factory.support.AbstractBeanFactory.doGetBean(AbstractBeanFactory.java:333)
	at org.springframework.beans.factory.support.AbstractBeanFactory.getBean(AbstractBeanFactory.java:208)
	at org.springframework.beans.factory.config.DependencyDescriptor.resolveCandidate(DependencyDescriptor.java:276)
	at org.springframework.beans.factory.support.DefaultListableBeanFactory.doResolveDependency(DefaultListableBeanFactory.java:1391)
	at org.springframework.beans.factory.support.DefaultListableBeanFactory.resolveDependency(DefaultListableBeanFactory.java:1311)
	at org.springframework.context.annotation.CommonAnnotationBeanPostProcessor.autowireResource(CommonAnnotationBeanPostProcessor.java:544)
	at org.springframework.context.annotation.CommonAnnotationBeanPostProcessor.getResource(CommonAnnotationBeanPostProcessor.java:520)
	at org.springframework.context.annotation.CommonAnnotationBeanPostProcessor$ResourceElement.getResourceToInject(CommonAnnotationBeanPostProcessor.java:673)
	at org.springframework.beans.factory.annotation.InjectionMetadata$InjectedElement.inject(InjectionMetadata.java:228)
	at org.springframework.beans.factory.annotation.InjectionMetadata.inject(InjectionMetadata.java:119)
	at org.springframework.context.annotation.CommonAnnotationBeanPostProcessor.postProcessProperties(CommonAnnotationBeanPostProcessor.java:329)
	... 25 common frames omitted
Caused by: org.springframework.beans.factory.BeanCreationException: Error creating bean with name 'strategyRepository': Injection of resource dependencies failed; nested exception is org.springframework.beans.factory.UnsatisfiedDependencyException: Error creating bean with name 'IStrategyDao' defined in URL [jar:file:/mnt/e/Project/Job/xfg/big-market/big-market-app/target/big-market-app.jar!/BOOT-INF/lib/big-market-infrastructure-1.0-SNAPSHOT.jar!/cn/bugstack/infrastructure/persistent/dao/IStrategyDao.class]: Unsatisfied dependency expressed through bean property 'sqlSessionFactory'; nested exception is org.springframework.beans.factory.BeanCreationException: Error creating bean with name 'sqlSessionFactory' defined in class path resource [org/mybatis/spring/boot/autoconfigure/MybatisAutoConfiguration.class]: Bean instantiation via factory method failed; nested exception is org.springframework.beans.BeanInstantiationException: Failed to instantiate [org.apache.ibatis.session.SqlSessionFactory]: Factory method 'sqlSessionFactory' threw exception; nested exception is org.springframework.core.NestedIOException: Failed to parse mapping resource: 'class path resource [mybatis/mapper/rule_tree_node_line_mapper.xml]'; nested exception is org.apache.ibatis.builder.BuilderException: Error parsing Mapper XML. The XML location is 'class path resource [mybatis/mapper/rule_tree_node_line_mapper.xml]'. Cause: java.lang.IllegalArgumentException: Result Maps collection already contains value for cn.bugstack.infrastructure.persistent.dao.IRuleTreeNodeLineDao.dataMap
	at org.springframework.context.annotation.CommonAnnotationBeanPostProcessor.postProcessProperties(CommonAnnotationBeanPostProcessor.java:332)
	at org.springframework.beans.factory.support.AbstractAutowireCapableBeanFactory.populateBean(AbstractAutowireCapableBeanFactory.java:1431)
	at org.springframework.beans.factory.support.AbstractAutowireCapableBeanFactory.doCreateBean(AbstractAutowireCapableBeanFactory.java:619)
	at org.springframework.beans.factory.support.AbstractAutowireCapableBeanFactory.createBean(AbstractAutowireCapableBeanFactory.java:542)
	at org.springframework.beans.factory.support.AbstractBeanFactory.lambda$doGetBean$0(AbstractBeanFactory.java:335)
	at org.springframework.beans.factory.support.DefaultSingletonBeanRegistry.getSingleton(DefaultSingletonBeanRegistry.java:234)
	at org.springframework.beans.factory.support.AbstractBeanFactory.doGetBean(AbstractBeanFactory.java:333)
	at org.springframework.beans.factory.support.AbstractBeanFactory.getBean(AbstractBeanFactory.java:208)
	at org.springframework.beans.factory.config.DependencyDescriptor.resolveCandidate(DependencyDescriptor.java:276)
	at org.springframework.beans.factory.support.DefaultListableBeanFactory.doResolveDependency(DefaultListableBeanFactory.java:1391)
	at org.springframework.beans.factory.support.DefaultListableBeanFactory.resolveDependency(DefaultListableBeanFactory.java:1311)
	at org.springframework.context.annotation.CommonAnnotationBeanPostProcessor.autowireResource(CommonAnnotationBeanPostProcessor.java:544)
	at org.springframework.context.annotation.CommonAnnotationBeanPostProcessor.getResource(CommonAnnotationBeanPostProcessor.java:520)
	at org.springframework.context.annotation.CommonAnnotationBeanPostProcessor$ResourceElement.getResourceToInject(CommonAnnotationBeanPostProcessor.java:673)
	at org.springframework.beans.factory.annotation.InjectionMetadata$InjectedElement.inject(InjectionMetadata.java:228)
	at org.springframework.beans.factory.annotation.InjectionMetadata.inject(InjectionMetadata.java:119)
	at org.springframework.context.annotation.CommonAnnotationBeanPostProcessor.postProcessProperties(CommonAnnotationBeanPostProcessor.java:329)
	... 41 common frames omitted
Caused by: org.springframework.beans.factory.UnsatisfiedDependencyException: Error creating bean with name 'IStrategyDao' defined in URL [jar:file:/mnt/e/Project/Job/xfg/big-market/big-market-app/target/big-market-app.jar!/BOOT-INF/lib/big-market-infrastructure-1.0-SNAPSHOT.jar!/cn/bugstack/infrastructure/persistent/dao/IStrategyDao.class]: Unsatisfied dependency expressed through bean property 'sqlSessionFactory'; nested exception is org.springframework.beans.factory.BeanCreationException: Error creating bean with name 'sqlSessionFactory' defined in class path resource [org/mybatis/spring/boot/autoconfigure/MybatisAutoConfiguration.class]: Bean instantiation via factory method failed; nested exception is org.springframework.beans.BeanInstantiationException: Failed to instantiate [org.apache.ibatis.session.SqlSessionFactory]: Factory method 'sqlSessionFactory' threw exception; nested exception is org.springframework.core.NestedIOException: Failed to parse mapping resource: 'class path resource [mybatis/mapper/rule_tree_node_line_mapper.xml]'; nested exception is org.apache.ibatis.builder.BuilderException: Error parsing Mapper XML. The XML location is 'class path resource [mybatis/mapper/rule_tree_node_line_mapper.xml]'. Cause: java.lang.IllegalArgumentException: Result Maps collection already contains value for cn.bugstack.infrastructure.persistent.dao.IRuleTreeNodeLineDao.dataMap
	at org.springframework.beans.factory.support.AbstractAutowireCapableBeanFactory.autowireByType(AbstractAutowireCapableBeanFactory.java:1534)
	at org.springframework.beans.factory.support.AbstractAutowireCapableBeanFactory.populateBean(AbstractAutowireCapableBeanFactory.java:1417)
	at org.springframework.beans.factory.support.AbstractAutowireCapableBeanFactory.doCreateBean(AbstractAutowireCapableBeanFactory.java:619)
	at org.springframework.beans.factory.support.AbstractAutowireCapableBeanFactory.createBean(AbstractAutowireCapableBeanFactory.java:542)
	at org.springframework.beans.factory.support.AbstractBeanFactory.lambda$doGetBean$0(AbstractBeanFactory.java:335)
	at org.springframework.beans.factory.support.DefaultSingletonBeanRegistry.getSingleton(DefaultSingletonBeanRegistry.java:234)
	at org.springframework.beans.factory.support.AbstractBeanFactory.doGetBean(AbstractBeanFactory.java:333)
	at org.springframework.beans.factory.support.AbstractBeanFactory.getBean(AbstractBeanFactory.java:208)
	at org.springframework.beans.factory.config.DependencyDescriptor.resolveCandidate(DependencyDescriptor.java:276)
	at org.springframework.beans.factory.support.DefaultListableBeanFactory.doResolveDependency(DefaultListableBeanFactory.java:1391)
	at org.springframework.beans.factory.support.DefaultListableBeanFactory.resolveDependency(DefaultListableBeanFactory.java:1311)
	at org.springframework.context.annotation.CommonAnnotationBeanPostProcessor.autowireResource(CommonAnnotationBeanPostProcessor.java:544)
	at org.springframework.context.annotation.CommonAnnotationBeanPostProcessor.getResource(CommonAnnotationBeanPostProcessor.java:520)
	at org.springframework.context.annotation.CommonAnnotationBeanPostProcessor$ResourceElement.getResourceToInject(CommonAnnotationBeanPostProcessor.java:673)
	at org.springframework.beans.factory.annotation.InjectionMetadata$InjectedElement.inject(InjectionMetadata.java:228)
	at org.springframework.beans.factory.annotation.InjectionMetadata.inject(InjectionMetadata.java:119)
	at org.springframework.context.annotation.CommonAnnotationBeanPostProcessor.postProcessProperties(CommonAnnotationBeanPostProcessor.java:329)
	... 57 common frames omitted
Caused by: org.springframework.beans.factory.BeanCreationException: Error creating bean with name 'sqlSessionFactory' defined in class path resource [org/mybatis/spring/boot/autoconfigure/MybatisAutoConfiguration.class]: Bean instantiation via factory method failed; nested exception is org.springframework.beans.BeanInstantiationException: Failed to instantiate [org.apache.ibatis.session.SqlSessionFactory]: Factory method 'sqlSessionFactory' threw exception; nested exception is org.springframework.core.NestedIOException: Failed to parse mapping resource: 'class path resource [mybatis/mapper/rule_tree_node_line_mapper.xml]'; nested exception is org.apache.ibatis.builder.BuilderException: Error parsing Mapper XML. The XML location is 'class path resource [mybatis/mapper/rule_tree_node_line_mapper.xml]'. Cause: java.lang.IllegalArgumentException: Result Maps collection already contains value for cn.bugstack.infrastructure.persistent.dao.IRuleTreeNodeLineDao.dataMap
	at org.springframework.beans.factory.support.ConstructorResolver.instantiate(ConstructorResolver.java:658)
	at org.springframework.beans.factory.support.ConstructorResolver.instantiateUsingFactoryMethod(ConstructorResolver.java:638)
	at org.springframework.beans.factory.support.AbstractAutowireCapableBeanFactory.instantiateUsingFactoryMethod(AbstractAutowireCapableBeanFactory.java:1352)
	at org.springframework.beans.factory.support.AbstractAutowireCapableBeanFactory.createBeanInstance(AbstractAutowireCapableBeanFactory.java:1195)
	at org.springframework.beans.factory.support.AbstractAutowireCapableBeanFactory.doCreateBean(AbstractAutowireCapableBeanFactory.java:582)
	at org.springframework.beans.factory.support.AbstractAutowireCapableBeanFactory.createBean(AbstractAutowireCapableBeanFactory.java:542)
	at org.springframework.beans.factory.support.AbstractBeanFactory.lambda$doGetBean$0(AbstractBeanFactory.java:335)
	at org.springframework.beans.factory.support.DefaultSingletonBeanRegistry.getSingleton(DefaultSingletonBeanRegistry.java:234)
	at org.springframework.beans.factory.support.AbstractBeanFactory.doGetBean(AbstractBeanFactory.java:333)
	at org.springframework.beans.factory.support.AbstractBeanFactory.getBean(AbstractBeanFactory.java:208)
	at org.springframework.beans.factory.config.DependencyDescriptor.resolveCandidate(DependencyDescriptor.java:276)
	at org.springframework.beans.factory.support.DefaultListableBeanFactory.doResolveDependency(DefaultListableBeanFactory.java:1391)
	at org.springframework.beans.factory.support.DefaultListableBeanFactory.resolveDependency(DefaultListableBeanFactory.java:1311)
	at org.springframework.beans.factory.support.AbstractAutowireCapableBeanFactory.autowireByType(AbstractAutowireCapableBeanFactory.java:1519)
	... 73 common frames omitted
Caused by: org.springframework.beans.BeanInstantiationException: Failed to instantiate [org.apache.ibatis.session.SqlSessionFactory]: Factory method 'sqlSessionFactory' threw exception; nested exception is org.springframework.core.NestedIOException: Failed to parse mapping resource: 'class path resource [mybatis/mapper/rule_tree_node_line_mapper.xml]'; nested exception is org.apache.ibatis.builder.BuilderException: Error parsing Mapper XML. The XML location is 'class path resource [mybatis/mapper/rule_tree_node_line_mapper.xml]'. Cause: java.lang.IllegalArgumentException: Result Maps collection already contains value for cn.bugstack.infrastructure.persistent.dao.IRuleTreeNodeLineDao.dataMap
	at org.springframework.beans.factory.support.SimpleInstantiationStrategy.instantiate(SimpleInstantiationStrategy.java:185)
	at org.springframework.beans.factory.support.ConstructorResolver.instantiate(ConstructorResolver.java:653)
	... 86 common frames omitted
Caused by: org.springframework.core.NestedIOException: Failed to parse mapping resource: 'class path resource [mybatis/mapper/rule_tree_node_line_mapper.xml]'; nested exception is org.apache.ibatis.builder.BuilderException: Error parsing Mapper XML. The XML location is 'class path resource [mybatis/mapper/rule_tree_node_line_mapper.xml]'. Cause: java.lang.IllegalArgumentException: Result Maps collection already contains value for cn.bugstack.infrastructure.persistent.dao.IRuleTreeNodeLineDao.dataMap
	at org.mybatis.spring.SqlSessionFactoryBean.buildSqlSessionFactory(SqlSessionFactoryBean.java:613)
	at org.mybatis.spring.SqlSessionFactoryBean.afterPropertiesSet(SqlSessionFactoryBean.java:491)
	at org.mybatis.spring.SqlSessionFactoryBean.getObject(SqlSessionFactoryBean.java:633)
	at org.mybatis.spring.boot.autoconfigure.MybatisAutoConfiguration.sqlSessionFactory(MybatisAutoConfiguration.java:179)
	at org.mybatis.spring.boot.autoconfigure.MybatisAutoConfiguration$$EnhancerBySpringCGLIB$$c38b70ee.CGLIB$sqlSessionFactory$0(<generated>)
	at org.mybatis.spring.boot.autoconfigure.MybatisAutoConfiguration$$EnhancerBySpringCGLIB$$c38b70ee$$FastClassBySpringCGLIB$$e9eb81c1.invoke(<generated>)
	at org.springframework.cglib.proxy.MethodProxy.invokeSuper(MethodProxy.java:244)
	at org.springframework.context.annotation.ConfigurationClassEnhancer$BeanMethodInterceptor.intercept(ConfigurationClassEnhancer.java:331)
	at org.mybatis.spring.boot.autoconfigure.MybatisAutoConfiguration$$EnhancerBySpringCGLIB$$c38b70ee.sqlSessionFactory(<generated>)
	at sun.reflect.NativeMethodAccessorImpl.invoke0(Native Method)
	at sun.reflect.NativeMethodAccessorImpl.invoke(NativeMethodAccessorImpl.java:62)
	at sun.reflect.DelegatingMethodAccessorImpl.invoke(DelegatingMethodAccessorImpl.java:43)
	at java.lang.reflect.Method.invoke(Method.java:498)
	at org.springframework.beans.factory.support.SimpleInstantiationStrategy.instantiate(SimpleInstantiationStrategy.java:154)
	... 87 common frames omitted
Caused by: org.apache.ibatis.builder.BuilderException: Error parsing Mapper XML. The XML location is 'class path resource [mybatis/mapper/rule_tree_node_line_mapper.xml]'. Cause: java.lang.IllegalArgumentException: Result Maps collection already contains value for cn.bugstack.infrastructure.persistent.dao.IRuleTreeNodeLineDao.dataMap
	at org.apache.ibatis.builder.xml.XMLMapperBuilder.configurationElement(XMLMapperBuilder.java:123)
	at org.apache.ibatis.builder.xml.XMLMapperBuilder.parse(XMLMapperBuilder.java:95)
	at org.mybatis.spring.SqlSessionFactoryBean.buildSqlSessionFactory(SqlSessionFactoryBean.java:611)
	... 100 common frames omitted
Caused by: java.lang.IllegalArgumentException: Result Maps collection already contains value for cn.bugstack.infrastructure.persistent.dao.IRuleTreeNodeLineDao.dataMap
	at org.apache.ibatis.session.Configuration$StrictMap.put(Configuration.java:1014)
	at org.apache.ibatis.session.Configuration$StrictMap.put(Configuration.java:970)
	at org.apache.ibatis.session.Configuration.addResultMap(Configuration.java:726)
	at org.apache.ibatis.builder.MapperBuilderAssistant.addResultMap(MapperBuilderAssistant.java:209)
	at org.apache.ibatis.builder.ResultMapResolver.resolve(ResultMapResolver.java:47)
	at org.apache.ibatis.builder.xml.XMLMapperBuilder.resultMapElement(XMLMapperBuilder.java:289)
	at org.apache.ibatis.builder.xml.XMLMapperBuilder.resultMapElement(XMLMapperBuilder.java:254)
	at org.apache.ibatis.builder.xml.XMLMapperBuilder.resultMapElements(XMLMapperBuilder.java:246)
	at org.apache.ibatis.builder.xml.XMLMapperBuilder.configurationElement(XMLMapperBuilder.java:119)
	... 102 common frames omitted
